2024-10-07 10:32:41.698 +02:00 [INF] User profile is available. Using '/Users/hermanrov/.aspnet/DataProtection-Keys' as key repository; keys will not be encrypted at rest.
2024-10-07 10:32:41.927 +02:00 [INF] Now listening on: http://localhost:5217
2024-10-07 10:32:41.929 +02:00 [INF] Application started. Press Ctrl+C to shut down.
2024-10-07 10:32:41.930 +02:00 [INF] Hosting environment: Development
2024-10-07 10:32:41.931 +02:00 [INF] Content root path: /Users/hermanrov/Documents/GitHub/ITPE3200/ITPE3200X/ITPE3200X
2024-10-07 10:32:42.332 +02:00 [INF] Request starting HTTP/1.1 GET http://localhost:5217/ - null null
2024-10-07 10:32:42.412 +02:00 [INF] Executing endpoint 'ITPE3200X.Controllers.HomeController.Index (ITPE3200X)'
2024-10-07 10:32:42.487 +02:00 [INF] Route matched with {action = "Index", controller = "Home", page = "", area = ""}. Executing controller action with signature Microsoft.AspNetCore.Mvc.IActionResult Index() on controller ITPE3200X.Controllers.HomeController (ITPE3200X).
2024-10-07 10:32:42.494 +02:00 [INF] Executing action method ITPE3200X.Controllers.HomeController.Index (ITPE3200X) - Validation state: "Valid"
2024-10-07 10:32:42.497 +02:00 [INF] Executed action method ITPE3200X.Controllers.HomeController.Index (ITPE3200X), returned result Microsoft.AspNetCore.Mvc.ViewResult in 0.2834ms.
2024-10-07 10:32:42.512 +02:00 [INF] Executing ViewResult, running view Index.
2024-10-07 10:32:42.917 +02:00 [INF] Executed ViewResult - view Index executed in 408.8637ms.
2024-10-07 10:32:42.918 +02:00 [INF] Executed action ITPE3200X.Controllers.HomeController.Index (ITPE3200X) in 430.95ms
2024-10-07 10:32:42.918 +02:00 [INF] Executed endpoint 'ITPE3200X.Controllers.HomeController.Index (ITPE3200X)'
2024-10-07 10:32:42.927 +02:00 [INF] Request finished HTTP/1.1 GET http://localhost:5217/ - 200 null text/html; charset=utf-8 595.3471ms
2024-10-07 10:32:42.952 +02:00 [INF] Request starting HTTP/1.1 GET http://localhost:5217/lib/bootstrap/dist/css/bootstrap.min.css - null null
2024-10-07 10:32:43.083 +02:00 [INF] Request starting HTTP/1.1 GET http://localhost:5217/css/site.css?v=r22M7xOahcMheWCkoVof2Nt7pQmj7mMSFKTei-SfmQ0 - null null
2024-10-07 10:32:43.130 +02:00 [INF] Request starting HTTP/1.1 GET http://localhost:5217/ITPE3200X.styles.css?v=qMxxAcutiQNQ6Z0TxkHgQh9J1BZKs0g96F73Y2Z2sSA - null null
2024-10-07 10:32:43.135 +02:00 [INF] Request starting HTTP/1.1 GET http://localhost:5217/lib/bootstrap/dist/js/bootstrap.bundle.min.js - null null
2024-10-07 10:32:43.135 +02:00 [INF] Request starting HTTP/1.1 GET http://localhost:5217/lib/jquery/dist/jquery.min.js - null null
2024-10-07 10:32:43.139 +02:00 [INF] Request starting HTTP/1.1 GET http://localhost:5217/js/site.js?v=y_Ngd8W21UpuCUhEqGbUKDEqFnNfTjAfb24GhJJGUyM - null null
2024-10-07 10:32:43.155 +02:00 [INF] The file /ITPE3200X.styles.css was not modified
2024-10-07 10:32:43.155 +02:00 [INF] The file /css/site.css was not modified
2024-10-07 10:32:43.155 +02:00 [INF] The file /js/site.js was not modified
2024-10-07 10:32:43.156 +02:00 [INF] The file /lib/jquery/dist/jquery.min.js was not modified
2024-10-07 10:32:43.155 +02:00 [INF] The file /lib/bootstrap/dist/css/bootstrap.min.css was not modified
2024-10-07 10:32:43.156 +02:00 [INF] The file /lib/bootstrap/dist/js/bootstrap.bundle.min.js was not modified
2024-10-07 10:32:43.157 +02:00 [INF] Request finished HTTP/1.1 GET http://localhost:5217/css/site.css?v=r22M7xOahcMheWCkoVof2Nt7pQmj7mMSFKTei-SfmQ0 - 304 null text/css 97.8687ms
2024-10-07 10:32:43.157 +02:00 [INF] Request finished HTTP/1.1 GET http://localhost:5217/ITPE3200X.styles.css?v=qMxxAcutiQNQ6Z0TxkHgQh9J1BZKs0g96F73Y2Z2sSA - 304 null text/css 47.8136ms
2024-10-07 10:32:43.157 +02:00 [INF] Request finished HTTP/1.1 GET http://localhost:5217/lib/bootstrap/dist/css/bootstrap.min.css - 304 null text/css 204.8198ms
2024-10-07 10:32:43.158 +02:00 [INF] Request finished HTTP/1.1 GET http://localhost:5217/lib/bootstrap/dist/js/bootstrap.bundle.min.js - 304 null text/javascript 21.5981ms
2024-10-07 10:32:43.163 +02:00 [INF] Request finished HTTP/1.1 GET http://localhost:5217/js/site.js?v=y_Ngd8W21UpuCUhEqGbUKDEqFnNfTjAfb24GhJJGUyM - 304 null text/javascript 17.0746ms
2024-10-07 10:32:43.170 +02:00 [INF] Request finished HTTP/1.1 GET http://localhost:5217/lib/jquery/dist/jquery.min.js - 304 null text/javascript 21.584ms
2024-10-07 10:35:30.525 +02:00 [INF] Request starting HTTP/1.1 GET http://localhost:5217/Identity/Account/Register - null null
2024-10-07 10:35:30.654 +02:00 [INF] Executing endpoint '/Account/Register'
2024-10-07 10:35:30.709 +02:00 [INF] Route matched with {page = "/Account/Register", area = "Identity", action = "", controller = ""}. Executing page /Account/Register
2024-10-07 10:35:30.740 +02:00 [INF] Executing handler method ITPE3200X.Areas.Identity.Pages.Account.RegisterModel.OnGetAsync - ModelState is "Valid"
2024-10-07 10:35:30.742 +02:00 [INF] Executed handler method OnGetAsync, returned result .
2024-10-07 10:35:30.745 +02:00 [INF] Executing an implicit handler method - ModelState is "Valid"
2024-10-07 10:35:30.745 +02:00 [INF] Executed an implicit handler method, returned result Microsoft.AspNetCore.Mvc.RazorPages.PageResult.
2024-10-07 10:35:30.777 +02:00 [INF] Executed page /Account/Register in 67.7002ms
2024-10-07 10:35:30.777 +02:00 [INF] Executed endpoint '/Account/Register'
2024-10-07 10:35:30.777 +02:00 [INF] Request finished HTTP/1.1 GET http://localhost:5217/Identity/Account/Register - 200 null text/html; charset=utf-8 255.664ms
2024-10-07 10:35:30.836 +02:00 [INF] Request starting HTTP/1.1 GET http://localhost:5217/lib/jquery-validation/dist/jquery.validate.min.js - null null
2024-10-07 10:35:30.836 +02:00 [INF] The file /lib/jquery-validation/dist/jquery.validate.min.js was not modified
2024-10-07 10:35:30.836 +02:00 [INF] Request finished HTTP/1.1 GET http://localhost:5217/lib/jquery-validation/dist/jquery.validate.min.js - 304 null text/javascript 0.552ms
2024-10-07 10:35:30.838 +02:00 [INF] Request starting HTTP/1.1 GET http://localhost:5217/lib/jquery-validation-unobtrusive/jquery.validate.unobtrusive.min.js - null null
2024-10-07 10:35:30.839 +02:00 [INF] The file /lib/jquery-validation-unobtrusive/jquery.validate.unobtrusive.min.js was not modified
2024-10-07 10:35:30.839 +02:00 [INF] Request finished HTTP/1.1 GET http://localhost:5217/lib/jquery-validation-unobtrusive/jquery.validate.unobtrusive.min.js - 304 null text/javascript 0.571ms
2024-10-07 10:35:51.116 +02:00 [INF] Request starting HTTP/1.1 GET http://localhost:5217/ - null null
2024-10-07 10:35:51.120 +02:00 [INF] Executing endpoint 'ITPE3200X.Controllers.HomeController.Index (ITPE3200X)'
2024-10-07 10:35:51.122 +02:00 [INF] Route matched with {action = "Index", controller = "Home", page = "", area = ""}. Executing controller action with signature Microsoft.AspNetCore.Mvc.IActionResult Index() on controller ITPE3200X.Controllers.HomeController (ITPE3200X).
2024-10-07 10:35:51.123 +02:00 [INF] Executing action method ITPE3200X.Controllers.HomeController.Index (ITPE3200X) - Validation state: "Valid"
2024-10-07 10:35:51.123 +02:00 [INF] Executed action method ITPE3200X.Controllers.HomeController.Index (ITPE3200X), returned result Microsoft.AspNetCore.Mvc.ViewResult in 0.0663ms.
2024-10-07 10:35:51.124 +02:00 [INF] Executing ViewResult, running view Index.
2024-10-07 10:35:51.138 +02:00 [INF] Executed ViewResult - view Index executed in 14.3207ms.
2024-10-07 10:35:51.138 +02:00 [INF] Executed action ITPE3200X.Controllers.HomeController.Index (ITPE3200X) in 16.4262ms
2024-10-07 10:35:51.138 +02:00 [INF] Executed endpoint 'ITPE3200X.Controllers.HomeController.Index (ITPE3200X)'
2024-10-07 10:35:51.139 +02:00 [INF] Request finished HTTP/1.1 GET http://localhost:5217/ - 200 null text/html; charset=utf-8 23.495ms
2024-10-07 10:39:36.265 +02:00 [INF] Request starting HTTP/1.1 GET http://localhost:5217/Identity/Account/Register - null null
2024-10-07 10:39:36.269 +02:00 [INF] Executing endpoint '/Account/Register'
2024-10-07 10:39:36.270 +02:00 [INF] Route matched with {page = "/Account/Register", area = "Identity", action = "", controller = ""}. Executing page /Account/Register
2024-10-07 10:39:36.273 +02:00 [INF] Executing handler method ITPE3200X.Areas.Identity.Pages.Account.RegisterModel.OnGetAsync - ModelState is "Valid"
2024-10-07 10:39:36.273 +02:00 [INF] Executed handler method OnGetAsync, returned result .
2024-10-07 10:39:36.273 +02:00 [INF] Executing an implicit handler method - ModelState is "Valid"
2024-10-07 10:39:36.273 +02:00 [INF] Executed an implicit handler method, returned result Microsoft.AspNetCore.Mvc.RazorPages.PageResult.
2024-10-07 10:39:36.277 +02:00 [INF] Executed page /Account/Register in 7.1051ms
2024-10-07 10:39:36.277 +02:00 [INF] Executed endpoint '/Account/Register'
2024-10-07 10:39:36.277 +02:00 [INF] Request finished HTTP/1.1 GET http://localhost:5217/Identity/Account/Register - 200 null text/html; charset=utf-8 12.861ms
2024-10-07 10:39:36.824 +02:00 [INF] Request starting HTTP/1.1 GET http://localhost:5217/Identity/Account/Login - null null
2024-10-07 10:39:36.825 +02:00 [INF] Executing endpoint '/Account/Login'
2024-10-07 10:39:36.833 +02:00 [INF] Route matched with {page = "/Account/Login", area = "Identity", action = "", controller = ""}. Executing page /Account/Login
2024-10-07 10:39:36.836 +02:00 [INF] Executing handler method ITPE3200X.Areas.Identity.Pages.Account.LoginModel.OnGetAsync - ModelState is "Valid"
2024-10-07 10:39:36.845 +02:00 [INF] AuthenticationScheme: Identity.External signed out.
2024-10-07 10:39:36.845 +02:00 [INF] Executed handler method OnGetAsync, returned result .
2024-10-07 10:39:36.846 +02:00 [INF] Executing an implicit handler method - ModelState is "Valid"
2024-10-07 10:39:36.846 +02:00 [INF] Executed an implicit handler method, returned result Microsoft.AspNetCore.Mvc.RazorPages.PageResult.
2024-10-07 10:39:36.869 +02:00 [INF] Executed page /Account/Login in 35.6234ms
2024-10-07 10:39:36.869 +02:00 [INF] Executed endpoint '/Account/Login'
2024-10-07 10:39:36.869 +02:00 [INF] Request finished HTTP/1.1 GET http://localhost:5217/Identity/Account/Login - 200 null text/html; charset=utf-8 44.3371ms
2024-10-07 10:39:37.518 +02:00 [INF] Request starting HTTP/1.1 GET http://localhost:5217/Identity/Account/Register - null null
2024-10-07 10:39:37.520 +02:00 [INF] Executing endpoint '/Account/Register'
2024-10-07 10:39:37.520 +02:00 [INF] Route matched with {page = "/Account/Register", area = "Identity", action = "", controller = ""}. Executing page /Account/Register
2024-10-07 10:39:37.522 +02:00 [INF] Executing handler method ITPE3200X.Areas.Identity.Pages.Account.RegisterModel.OnGetAsync - ModelState is "Valid"
2024-10-07 10:39:37.522 +02:00 [INF] Executed handler method OnGetAsync, returned result .
2024-10-07 10:39:37.523 +02:00 [INF] Executing an implicit handler method - ModelState is "Valid"
2024-10-07 10:39:37.523 +02:00 [INF] Executed an implicit handler method, returned result Microsoft.AspNetCore.Mvc.RazorPages.PageResult.
2024-10-07 10:39:37.531 +02:00 [INF] Executed page /Account/Register in 10.99ms
2024-10-07 10:39:37.531 +02:00 [INF] Executed endpoint '/Account/Register'
2024-10-07 10:39:37.531 +02:00 [INF] Request finished HTTP/1.1 GET http://localhost:5217/Identity/Account/Register - 200 null text/html; charset=utf-8 13.24ms
2024-10-07 10:48:45.983 +02:00 [INF] Request starting HTTP/1.1 GET http://localhost:5217/Identity/Account/Login - null null
2024-10-07 10:48:45.986 +02:00 [INF] Executing endpoint '/Account/Login'
2024-10-07 10:48:45.989 +02:00 [INF] Route matched with {page = "/Account/Login", area = "Identity", action = "", controller = ""}. Executing page /Account/Login
2024-10-07 10:48:45.991 +02:00 [INF] Executing handler method ITPE3200X.Areas.Identity.Pages.Account.LoginModel.OnGetAsync - ModelState is "Valid"
2024-10-07 10:48:45.991 +02:00 [INF] AuthenticationScheme: Identity.External signed out.
2024-10-07 10:48:45.992 +02:00 [INF] Executed handler method OnGetAsync, returned result .
2024-10-07 10:48:45.992 +02:00 [INF] Executing an implicit handler method - ModelState is "Valid"
2024-10-07 10:48:45.992 +02:00 [INF] Executed an implicit handler method, returned result Microsoft.AspNetCore.Mvc.RazorPages.PageResult.
2024-10-07 10:48:45.997 +02:00 [INF] Executed page /Account/Login in 7.9882ms
2024-10-07 10:48:45.997 +02:00 [INF] Executed endpoint '/Account/Login'
2024-10-07 10:48:45.997 +02:00 [INF] Request finished HTTP/1.1 GET http://localhost:5217/Identity/Account/Login - 200 null text/html; charset=utf-8 14.4252ms
2024-10-07 10:48:46.434 +02:00 [INF] Request starting HTTP/1.1 GET http://localhost:5217/Identity/Account/Register - null null
2024-10-07 10:48:46.435 +02:00 [INF] Executing endpoint '/Account/Register'
2024-10-07 10:48:46.435 +02:00 [INF] Route matched with {page = "/Account/Register", area = "Identity", action = "", controller = ""}. Executing page /Account/Register
2024-10-07 10:48:46.437 +02:00 [INF] Executing handler method ITPE3200X.Areas.Identity.Pages.Account.RegisterModel.OnGetAsync - ModelState is "Valid"
2024-10-07 10:48:46.437 +02:00 [INF] Executed handler method OnGetAsync, returned result .
2024-10-07 10:48:46.437 +02:00 [INF] Executing an implicit handler method - ModelState is "Valid"
2024-10-07 10:48:46.437 +02:00 [INF] Executed an implicit handler method, returned result Microsoft.AspNetCore.Mvc.RazorPages.PageResult.
2024-10-07 10:48:46.441 +02:00 [INF] Executed page /Account/Register in 5.1435ms
2024-10-07 10:48:46.444 +02:00 [INF] Executed endpoint '/Account/Register'
2024-10-07 10:48:46.445 +02:00 [INF] Request finished HTTP/1.1 GET http://localhost:5217/Identity/Account/Register - 200 null text/html; charset=utf-8 10.1443ms
2024-10-07 10:48:47.034 +02:00 [INF] Request starting HTTP/1.1 GET http://localhost:5217/Identity/Account/Login - null null
2024-10-07 10:48:47.035 +02:00 [INF] Executing endpoint '/Account/Login'
2024-10-07 10:48:47.036 +02:00 [INF] Route matched with {page = "/Account/Login", area = "Identity", action = "", controller = ""}. Executing page /Account/Login
2024-10-07 10:48:47.037 +02:00 [INF] Executing handler method ITPE3200X.Areas.Identity.Pages.Account.LoginModel.OnGetAsync - ModelState is "Valid"
2024-10-07 10:48:47.038 +02:00 [INF] AuthenticationScheme: Identity.External signed out.
2024-10-07 10:48:47.038 +02:00 [INF] Executed handler method OnGetAsync, returned result .
2024-10-07 10:48:47.038 +02:00 [INF] Executing an implicit handler method - ModelState is "Valid"
2024-10-07 10:48:47.038 +02:00 [INF] Executed an implicit handler method, returned result Microsoft.AspNetCore.Mvc.RazorPages.PageResult.
2024-10-07 10:48:47.043 +02:00 [INF] Executed page /Account/Login in 7.3253ms
2024-10-07 10:48:47.044 +02:00 [INF] Executed endpoint '/Account/Login'
2024-10-07 10:48:47.044 +02:00 [INF] Request finished HTTP/1.1 GET http://localhost:5217/Identity/Account/Login - 200 null text/html; charset=utf-8 9.3685ms
2024-10-07 10:48:47.459 +02:00 [INF] Request starting HTTP/1.1 GET http://localhost:5217/Identity/Account/Register - null null
2024-10-07 10:48:47.460 +02:00 [INF] Executing endpoint '/Account/Register'
2024-10-07 10:48:47.460 +02:00 [INF] Route matched with {page = "/Account/Register", area = "Identity", action = "", controller = ""}. Executing page /Account/Register
2024-10-07 10:48:47.461 +02:00 [INF] Executing handler method ITPE3200X.Areas.Identity.Pages.Account.RegisterModel.OnGetAsync - ModelState is "Valid"
2024-10-07 10:48:47.462 +02:00 [INF] Executed handler method OnGetAsync, returned result .
2024-10-07 10:48:47.462 +02:00 [INF] Executing an implicit handler method - ModelState is "Valid"
2024-10-07 10:48:47.462 +02:00 [INF] Executed an implicit handler method, returned result Microsoft.AspNetCore.Mvc.RazorPages.PageResult.
2024-10-07 10:48:47.467 +02:00 [INF] Executed page /Account/Register in 7.3514ms
2024-10-07 10:48:47.468 +02:00 [INF] Executed endpoint '/Account/Register'
2024-10-07 10:48:47.468 +02:00 [INF] Request finished HTTP/1.1 GET http://localhost:5217/Identity/Account/Register - 200 null text/html; charset=utf-8 9.4114ms
2024-10-07 10:50:00.026 +02:00 [INF] Request starting HTTP/1.1 GET http://localhost:5217/ - null null
2024-10-07 10:50:00.030 +02:00 [INF] Executing endpoint 'ITPE3200X.Controllers.HomeController.Index (ITPE3200X)'
2024-10-07 10:50:00.032 +02:00 [INF] Route matched with {action = "Index", controller = "Home", page = "", area = ""}. Executing controller action with signature Microsoft.AspNetCore.Mvc.IActionResult Index() on controller ITPE3200X.Controllers.HomeController (ITPE3200X).
2024-10-07 10:50:00.033 +02:00 [INF] Executing action method ITPE3200X.Controllers.HomeController.Index (ITPE3200X) - Validation state: "Valid"
2024-10-07 10:50:00.034 +02:00 [INF] Executed action method ITPE3200X.Controllers.HomeController.Index (ITPE3200X), returned result Microsoft.AspNetCore.Mvc.ViewResult in 0.1221ms.
2024-10-07 10:50:00.035 +02:00 [INF] Executing ViewResult, running view Index.
2024-10-07 10:50:00.040 +02:00 [INF] Executed ViewResult - view Index executed in 6.4394ms.
2024-10-07 10:50:00.041 +02:00 [INF] Executed action ITPE3200X.Controllers.HomeController.Index (ITPE3200X) in 8.7045ms
2024-10-07 10:50:00.041 +02:00 [INF] Executed endpoint 'ITPE3200X.Controllers.HomeController.Index (ITPE3200X)'
2024-10-07 10:50:00.041 +02:00 [INF] Request finished HTTP/1.1 GET http://localhost:5217/ - 200 null text/html; charset=utf-8 20.9591ms
2024-10-07 10:50:44.309 +02:00 [INF] Request starting HTTP/1.1 GET http://localhost:5217/Identity/Account/Register - null null
2024-10-07 10:50:44.317 +02:00 [INF] Executing endpoint '/Account/Register'
2024-10-07 10:50:44.318 +02:00 [INF] Route matched with {page = "/Account/Register", area = "Identity", action = "", controller = ""}. Executing page /Account/Register
2024-10-07 10:50:44.323 +02:00 [INF] Executing handler method ITPE3200X.Areas.Identity.Pages.Account.RegisterModel.OnGetAsync - ModelState is "Valid"
2024-10-07 10:50:44.324 +02:00 [INF] Executed handler method OnGetAsync, returned result .
2024-10-07 10:50:44.325 +02:00 [INF] Executing an implicit handler method - ModelState is "Valid"
2024-10-07 10:50:44.325 +02:00 [INF] Executed an implicit handler method, returned result Microsoft.AspNetCore.Mvc.RazorPages.PageResult.
2024-10-07 10:50:44.331 +02:00 [INF] Executed page /Account/Register in 13.0157ms
2024-10-07 10:50:44.331 +02:00 [INF] Executed endpoint '/Account/Register'
2024-10-07 10:50:44.332 +02:00 [INF] Request finished HTTP/1.1 GET http://localhost:5217/Identity/Account/Register - 200 null text/html; charset=utf-8 22.8235ms
2024-10-07 10:50:57.247 +02:00 [INF] Request starting HTTP/1.1 POST http://localhost:5217/Identity/Account/Register - application/x-www-form-urlencoded 274
2024-10-07 10:50:57.252 +02:00 [INF] Executing endpoint '/Account/Register'
2024-10-07 10:50:57.252 +02:00 [INF] Route matched with {page = "/Account/Register", area = "Identity", action = "", controller = ""}. Executing page /Account/Register
2024-10-07 10:50:57.290 +02:00 [INF] Executing handler method ITPE3200X.Areas.Identity.Pages.Account.RegisterModel.OnPostAsync - ModelState is "Valid"
2024-10-07 10:50:57.307 +02:00 [INF] Executed handler method OnPostAsync, returned result Microsoft.AspNetCore.Mvc.RazorPages.PageResult.
2024-10-07 10:50:57.309 +02:00 [INF] Executed page /Account/Register in 57.0533ms
2024-10-07 10:50:57.309 +02:00 [INF] Executed endpoint '/Account/Register'
2024-10-07 10:50:57.309 +02:00 [INF] Request finished HTTP/1.1 POST http://localhost:5217/Identity/Account/Register - 200 null text/html; charset=utf-8 62.3752ms
2024-10-07 10:51:06.969 +02:00 [INF] Request starting HTTP/1.1 POST http://localhost:5217/Identity/Account/Register - application/x-www-form-urlencoded 280
2024-10-07 10:51:06.970 +02:00 [INF] Executing endpoint '/Account/Register'
2024-10-07 10:51:06.970 +02:00 [INF] Route matched with {page = "/Account/Register", area = "Identity", action = "", controller = ""}. Executing page /Account/Register
2024-10-07 10:51:06.973 +02:00 [INF] Executing handler method ITPE3200X.Areas.Identity.Pages.Account.RegisterModel.OnPostAsync - ModelState is "Valid"
2024-10-07 10:51:08.423 +02:00 [ERR] Failed executing DbCommand (10ms) [Parameters=[@p0='?' (Size = 36), @p1='?' (DbType = Int32), @p2='?', @p3='?' (Size = 36), @p4='?' (Size = 20), @p5='?' (DbType = Boolean), @p6='?' (DbType = Boolean), @p7='?' (DbType = DateTimeOffset), @p8='?' (Size = 20), @p9='?' (Size = 20), @p10='?' (Size = 84), @p11='?', @p12='?' (DbType = Boolean), @p13='?', @p14='?' (Size = 32), @p15='?' (DbType = Boolean), @p16='?' (Size = 20)], CommandType='"Text"', CommandTimeout='30']
INSERT INTO "AspNetUsers" ("Id", "AccessFailedCount", "Bio", "ConcurrencyStamp", "Email", "EmailConfirmed", "LockoutEnabled", "LockoutEnd", "NormalizedEmail", "NormalizedUserName", "PasswordHash", "PhoneNumber", "PhoneNumberConfirmed", "ProfilePictureUrl", "SecurityStamp", "TwoFactorEnabled", "UserName")
VALUES (@p0, @p1, @p2, @p3, @p4, @p5, @p6, @p7, @p8, @p9, @p10, @p11, @p12, @p13, @p14, @p15, @p16);
2024-10-07 10:51:08.469 +02:00 [ERR] An exception occurred in the database while saving changes for context type 'ITPE3200X.DAL.ApplicationDbContext'.
Microsoft.EntityFrameworkCore.DbUpdateException: An error occurred while saving the entity changes. See the inner exception for details.
 ---> Microsoft.Data.Sqlite.SqliteException (0x80004005): SQLite Error 19: 'NOT NULL constraint failed: AspNetUsers.ProfilePictureUrl'.
   at Microsoft.Data.Sqlite.SqliteException.ThrowExceptionForRC(Int32 rc, sqlite3 db)
   at Microsoft.Data.Sqlite.SqliteDataReader.NextResult()
   at Microsoft.Data.Sqlite.SqliteCommand.ExecuteReader(CommandBehavior behavior)
   at Microsoft.Data.Sqlite.SqliteCommand.ExecuteReaderAsync(CommandBehavior behavior, CancellationToken cancellationToken)
   at Microsoft.Data.Sqlite.SqliteCommand.ExecuteDbDataReaderAsync(CommandBehavior behavior, CancellationToken cancellationToken)
   at Microsoft.EntityFrameworkCore.Storage.RelationalCommand.ExecuteReaderAsync(RelationalCommandParameterObject parameterObject, CancellationToken cancellationToken)
   at Microsoft.EntityFrameworkCore.Storage.RelationalCommand.ExecuteReaderAsync(RelationalCommandParameterObject parameterObject, CancellationToken cancellationToken)
   at Microsoft.EntityFrameworkCore.Update.ReaderModificationCommandBatch.ExecuteAsync(IRelationalConnection connection, CancellationToken cancellationToken)
   --- End of inner exception stack trace ---
   at Microsoft.EntityFrameworkCore.Update.ReaderModificationCommandBatch.ExecuteAsync(IRelationalConnection connection, CancellationToken cancellationToken)
   at Microsoft.EntityFrameworkCore.Update.Internal.BatchExecutor.ExecuteAsync(IEnumerable`1 commandBatches, IRelationalConnection connection, CancellationToken cancellationToken)
   at Microsoft.EntityFrameworkCore.Update.Internal.BatchExecutor.ExecuteAsync(IEnumerable`1 commandBatches, IRelationalConnection connection, CancellationToken cancellationToken)
   at Microsoft.EntityFrameworkCore.Update.Internal.BatchExecutor.ExecuteAsync(IEnumerable`1 commandBatches, IRelationalConnection connection, CancellationToken cancellationToken)
   at Microsoft.EntityFrameworkCore.ChangeTracking.Internal.StateManager.SaveChangesAsync(IList`1 entriesToSave, CancellationToken cancellationToken)
   at Microsoft.EntityFrameworkCore.ChangeTracking.Internal.StateManager.SaveChangesAsync(StateManager stateManager, Boolean acceptAllChangesOnSuccess, CancellationToken cancellationToken)
   at Microsoft.EntityFrameworkCore.DbContext.SaveChangesAsync(Boolean acceptAllChangesOnSuccess, CancellationToken cancellationToken)
Microsoft.EntityFrameworkCore.DbUpdateException: An error occurred while saving the entity changes. See the inner exception for details.
 ---> Microsoft.Data.Sqlite.SqliteException (0x80004005): SQLite Error 19: 'NOT NULL constraint failed: AspNetUsers.ProfilePictureUrl'.
   at Microsoft.Data.Sqlite.SqliteException.ThrowExceptionForRC(Int32 rc, sqlite3 db)
   at Microsoft.Data.Sqlite.SqliteDataReader.NextResult()
   at Microsoft.Data.Sqlite.SqliteCommand.ExecuteReader(CommandBehavior behavior)
   at Microsoft.Data.Sqlite.SqliteCommand.ExecuteReaderAsync(CommandBehavior behavior, CancellationToken cancellationToken)
   at Microsoft.Data.Sqlite.SqliteCommand.ExecuteDbDataReaderAsync(CommandBehavior behavior, CancellationToken cancellationToken)
   at Microsoft.EntityFrameworkCore.Storage.RelationalCommand.ExecuteReaderAsync(RelationalCommandParameterObject parameterObject, CancellationToken cancellationToken)
   at Microsoft.EntityFrameworkCore.Storage.RelationalCommand.ExecuteReaderAsync(RelationalCommandParameterObject parameterObject, CancellationToken cancellationToken)
   at Microsoft.EntityFrameworkCore.Update.ReaderModificationCommandBatch.ExecuteAsync(IRelationalConnection connection, CancellationToken cancellationToken)
   --- End of inner exception stack trace ---
   at Microsoft.EntityFrameworkCore.Update.ReaderModificationCommandBatch.ExecuteAsync(IRelationalConnection connection, CancellationToken cancellationToken)
   at Microsoft.EntityFrameworkCore.Update.Internal.BatchExecutor.ExecuteAsync(IEnumerable`1 commandBatches, IRelationalConnection connection, CancellationToken cancellationToken)
   at Microsoft.EntityFrameworkCore.Update.Internal.BatchExecutor.ExecuteAsync(IEnumerable`1 commandBatches, IRelationalConnection connection, CancellationToken cancellationToken)
   at Microsoft.EntityFrameworkCore.Update.Internal.BatchExecutor.ExecuteAsync(IEnumerable`1 commandBatches, IRelationalConnection connection, CancellationToken cancellationToken)
   at Microsoft.EntityFrameworkCore.ChangeTracking.Internal.StateManager.SaveChangesAsync(IList`1 entriesToSave, CancellationToken cancellationToken)
   at Microsoft.EntityFrameworkCore.ChangeTracking.Internal.StateManager.SaveChangesAsync(StateManager stateManager, Boolean acceptAllChangesOnSuccess, CancellationToken cancellationToken)
   at Microsoft.EntityFrameworkCore.DbContext.SaveChangesAsync(Boolean acceptAllChangesOnSuccess, CancellationToken cancellationToken)
2024-10-07 10:51:08.633 +02:00 [INF] Executed page /Account/Register in 1663.5015ms
2024-10-07 10:51:08.635 +02:00 [INF] Executed endpoint '/Account/Register'
2024-10-07 10:51:08.651 +02:00 [ERR] An unhandled exception has occurred while executing the request.
Microsoft.EntityFrameworkCore.DbUpdateException: An error occurred while saving the entity changes. See the inner exception for details.
 ---> Microsoft.Data.Sqlite.SqliteException (0x80004005): SQLite Error 19: 'NOT NULL constraint failed: AspNetUsers.ProfilePictureUrl'.
   at Microsoft.Data.Sqlite.SqliteException.ThrowExceptionForRC(Int32 rc, sqlite3 db)
   at Microsoft.Data.Sqlite.SqliteDataReader.NextResult()
   at Microsoft.Data.Sqlite.SqliteCommand.ExecuteReader(CommandBehavior behavior)
   at Microsoft.Data.Sqlite.SqliteCommand.ExecuteReaderAsync(CommandBehavior behavior, CancellationToken cancellationToken)
   at Microsoft.Data.Sqlite.SqliteCommand.ExecuteDbDataReaderAsync(CommandBehavior behavior, CancellationToken cancellationToken)
   at Microsoft.EntityFrameworkCore.Storage.RelationalCommand.ExecuteReaderAsync(RelationalCommandParameterObject parameterObject, CancellationToken cancellationToken)
   at Microsoft.EntityFrameworkCore.Storage.RelationalCommand.ExecuteReaderAsync(RelationalCommandParameterObject parameterObject, CancellationToken cancellationToken)
   at Microsoft.EntityFrameworkCore.Update.ReaderModificationCommandBatch.ExecuteAsync(IRelationalConnection connection, CancellationToken cancellationToken)
   --- End of inner exception stack trace ---
   at Microsoft.EntityFrameworkCore.Update.ReaderModificationCommandBatch.ExecuteAsync(IRelationalConnection connection, CancellationToken cancellationToken)
   at Microsoft.EntityFrameworkCore.Update.Internal.BatchExecutor.ExecuteAsync(IEnumerable`1 commandBatches, IRelationalConnection connection, CancellationToken cancellationToken)
   at Microsoft.EntityFrameworkCore.Update.Internal.BatchExecutor.ExecuteAsync(IEnumerable`1 commandBatches, IRelationalConnection connection, CancellationToken cancellationToken)
   at Microsoft.EntityFrameworkCore.Update.Internal.BatchExecutor.ExecuteAsync(IEnumerable`1 commandBatches, IRelationalConnection connection, CancellationToken cancellationToken)
   at Microsoft.EntityFrameworkCore.ChangeTracking.Internal.StateManager.SaveChangesAsync(IList`1 entriesToSave, CancellationToken cancellationToken)
   at Microsoft.EntityFrameworkCore.ChangeTracking.Internal.StateManager.SaveChangesAsync(StateManager stateManager, Boolean acceptAllChangesOnSuccess, CancellationToken cancellationToken)
   at Microsoft.EntityFrameworkCore.DbContext.SaveChangesAsync(Boolean acceptAllChangesOnSuccess, CancellationToken cancellationToken)
   at Microsoft.EntityFrameworkCore.DbContext.SaveChangesAsync(Boolean acceptAllChangesOnSuccess, CancellationToken cancellationToken)
   at Microsoft.AspNetCore.Identity.EntityFrameworkCore.UserOnlyStore`6.CreateAsync(TUser user, CancellationToken cancellationToken)
   at Microsoft.AspNetCore.Identity.UserManager`1.CreateAsync(TUser user)
   at Microsoft.AspNetCore.Identity.UserManager`1.CreateAsync(TUser user, String password)
   at ITPE3200X.Areas.Identity.Pages.Account.RegisterModel.OnPostAsync(String returnUrl) in /Users/hermanrov/Documents/GitHub/ITPE3200/ITPE3200X/ITPE3200X/Areas/Identity/Pages/Account/Register.cshtml.cs:line 120
   at Microsoft.AspNetCore.Mvc.RazorPages.Infrastructure.ExecutorFactory.GenericTaskHandlerMethod.Convert[T](Object taskAsObject)
   at Microsoft.AspNetCore.Mvc.RazorPages.Infrastructure.ExecutorFactory.GenericTaskHandlerMethod.Execute(Object receiver, Object[] arguments)
   at Microsoft.AspNetCore.Mvc.RazorPages.Infrastructure.PageActionInvoker.InvokeHandlerMethodAsync()
   at Microsoft.AspNetCore.Mvc.RazorPages.Infrastructure.PageActionInvoker.InvokeNextPageFilterAsync()
   at Microsoft.AspNetCore.Mvc.RazorPages.Infrastructure.PageActionInvoker.Rethrow(PageHandlerExecutedContext context)
   at Microsoft.AspNetCore.Mvc.RazorPages.Infrastructure.PageActionInvoker.Next(State& next, Scope& scope, Object& state, Boolean& isCompleted)
   at Microsoft.AspNetCore.Mvc.RazorPages.Infrastructure.PageActionInvoker.InvokeInnerFilterAsync()
   at Microsoft.AspNetCore.Mvc.Infrastructure.ResourceInvoker.<InvokeNextResourceFilter>g__Awaited|25_0(ResourceInvoker invoker, Task lastTask, State next, Scope scope, Object state, Boolean isCompleted)
   at Microsoft.AspNetCore.Mvc.Infrastructure.ResourceInvoker.Rethrow(ResourceExecutedContextSealed context)
   at Microsoft.AspNetCore.Mvc.Infrastructure.ResourceInvoker.Next(State& next, Scope& scope, Object& state, Boolean& isCompleted)
   at Microsoft.AspNetCore.Mvc.Infrastructure.ResourceInvoker.InvokeFilterPipelineAsync()
--- End of stack trace from previous location ---
   at Microsoft.AspNetCore.Mvc.Infrastructure.ResourceInvoker.<InvokeAsync>g__Logged|17_1(ResourceInvoker invoker)
   at Microsoft.AspNetCore.Mvc.Infrastructure.ResourceInvoker.<InvokeAsync>g__Logged|17_1(ResourceInvoker invoker)
   at Microsoft.AspNetCore.Routing.EndpointMiddleware.<Invoke>g__AwaitRequestTask|7_0(Endpoint endpoint, Task requestTask, ILogger logger)
   at Microsoft.AspNetCore.Authorization.AuthorizationMiddleware.Invoke(HttpContext context)
   at Microsoft.AspNetCore.Authentication.AuthenticationMiddleware.Invoke(HttpContext context)
   at Microsoft.AspNetCore.Session.SessionMiddleware.Invoke(HttpContext context)
   at Microsoft.AspNetCore.Session.SessionMiddleware.Invoke(HttpContext context)
   at Microsoft.AspNetCore.Diagnostics.DeveloperExceptionPageMiddlewareImpl.Invoke(HttpContext context)
2024-10-07 10:51:08.670 +02:00 [INF] Request finished HTTP/1.1 POST http://localhost:5217/Identity/Account/Register - 500 null text/html; charset=utf-8 1701.6387ms
